#
# There is insufficient memory for the Java Runtime Environment to continue.
# Native memory allocation (malloc) failed to allocate 108003328 bytes for committing reserved memory.
# Possible reasons:
#   The system is out of physical RAM or swap space
#   In 32 bit mode, the process size limit was hit
# Possible solutions:
#   Reduce memory load on the system
#   Increase physical memory or swap space
#   Check if swap backing store is full
#   Use 64 bit Java on a 64 bit OS
#   Decrease Java heap size (-Xmx/-Xms)
#   Decrease number of Java threads
#   Decrease Java thread stack sizes (-Xss)
#   Set larger code cache with -XX:ReservedCodeCacheSize=
# This output file may be truncated or incomplete.
#
#  Out of Memory Error (os_linux.cpp:2726), pid=15486, tid=140282787452672
#
# JRE version: Java(TM) SE Runtime Environment (7.0_55-b13) (build 1.7.0_55-b13)
# Java VM: Java HotSpot(TM) 64-Bit Server VM (24.55-b03 mixed mode linux-amd64 compressed oops)
# Failed to write core dump. Core dumps have been disabled. To enable core dumping, try "ulimit -c unlimited" before starting Java again
#

---------------  T H R E A D  ---------------

Current thread (0x00007f962c06b000):  VMThread [stack: 0x00007f9621a6d000,0x00007f9621b6e000] [id=15497]

Stack: [0x00007f9621a6d000,0x00007f9621b6e000],  sp=0x00007f9621b6c260,  free space=1020k
Native frames: (J=compiled Java code, j=interpreted, Vv=VM code, C=native code)
V  [libjvm.so+0x99305a]  VMError::report_and_die()+0x2ea
V  [libjvm.so+0x4931fb]  report_vm_out_of_memory(char const*, int, unsigned long, char const*)+0x9b
V  [libjvm.so+0x8134be]  os::Linux::commit_memory_impl(char*, unsigned long, bool)+0xfe
V  [libjvm.so+0x81396f]  os::Linux::commit_memory_impl(char*, unsigned long, unsigned long, bool)+0x4f
V  [libjvm.so+0x813b5c]  os::pd_commit_memory(char*, unsigned long, unsigned long, bool)+0xc
V  [libjvm.so+0x80dc1a]  os::commit_memory(char*, unsigned long, unsigned long, bool)+0x2a
V  [libjvm.so+0x87fde3]  PSVirtualSpace::expand_by(unsigned long)+0x53
V  [libjvm.so+0x8811b8]  PSYoungGen::resize_generation(unsigned long, unsigned long)+0xf8
V  [libjvm.so+0x880322]  PSYoungGen::resize(unsigned long, unsigned long)+0x22
V  [libjvm.so+0x87d7bb]  PSScavenge::invoke_no_policy()+0xf3b
V  [libjvm.so+0x87df21]  PSScavenge::invoke()+0x41
V  [libjvm.so+0x835020]  ParallelScavengeHeap::failed_mem_allocate(unsigned long)+0x70
V  [libjvm.so+0x9948f7]  VM_ParallelGCFailedAllocation::doit()+0x97
V  [libjvm.so+0x99bd25]  VM_Operation::evaluate()+0x55
V  [libjvm.so+0x99a15a]  VMThread::evaluate_operation(VM_Operation*)+0xba
V  [libjvm.so+0x99a4de]  VMThread::loop()+0x1ce
V  [libjvm.so+0x99a950]  VMThread::run()+0x70
V  [libjvm.so+0x815668]  java_start(Thread*)+0x108

VM_Operation (0x00007f9633978310): ParallelGCFailedAllocation, mode: safepoint, requested by thread 0x00007f962c00b800


---------------  P R O C E S S  ---------------

Java Threads: ( => current thread )
  0x00007f962c097800 JavaThread "Service Thread" daemon [_thread_blocked, id=15503, stack(0x00007f962119e000,0x00007f962129f000)]
  0x00007f962c095000 JavaThread "C2 CompilerThread1" daemon [_thread_blocked, id=15502, stack(0x00007f962129f000,0x00007f96213a0000)]
  0x00007f962c092000 JavaThread "C2 CompilerThread0" daemon [_thread_blocked, id=15501, stack(0x00007f96213a0000,0x00007f96214a1000)]
  0x00007f962c088000 JavaThread "Signal Dispatcher" daemon [_thread_blocked, id=15500, stack(0x00007f96214a1000,0x00007f96215a2000)]
  0x00007f962c071800 JavaThread "Finalizer" daemon [_thread_blocked, id=15499, stack(0x00007f962186b000,0x00007f962196c000)]
  0x00007f962c06d000 JavaThread "Reference Handler" daemon [_thread_blocked, id=15498, stack(0x00007f962196c000,0x00007f9621a6d000)]
  0x00007f962c00b800 JavaThread "main" [_thread_blocked, id=15492, stack(0x00007f9633879000,0x00007f963397a000)]

Other Threads:
=>0x00007f962c06b000 VMThread [stack: 0x00007f9621a6d000,0x00007f9621b6e000] [id=15497]
  0x00007f962c0a2000 WatcherThread [stack: 0x00007f962109d000,0x00007f962119e000] [id=15504]

VM state:at safepoint (normal execution)

VM Mutex/Monitor currently owned by a thread:  ([mutex/lock_event])
[0x00007f962c007b30] Threads_lock - owner thread: 0x00007f962c06b000
[0x00007f962c008030] Heap_lock - owner thread: 0x00007f962c00b800

Heap
 PSYoungGen      total 164864K, used 16372K [0x00000000eaa80000, 0x00000000f5c80000, 0x0000000100000000)
  eden space 148480K, 0% used [0x00000000eaa80000,0x00000000eaa80000,0x00000000f3b80000)
  from space 16384K, 99% used [0x00000000f3b80000,0x00000000f4b7d2e8,0x00000000f4b80000)
  to   space 15360K, 0% used [0x00000000f4b80000,0x00000000f4b80000,0x00000000f5a80000)
 ParOldGen       total 61952K, used 59167K [0x00000000c0000000, 0x00000000c3c80000, 0x00000000eaa80000)
  object space 61952K, 95% used [0x00000000c0000000,0x00000000c39c7e30,0x00000000c3c80000)
 PSPermGen       total 21504K, used 7202K [0x00000000bae00000, 0x00000000bc300000, 0x00000000c0000000)
  object space 21504K, 33% used [0x00000000bae00000,0x00000000bb508ad8,0x00000000bc300000)

Card table byte_map: [0x00007f963095c000,0x00007f9630b86000] byte_map_base: 0x00007f9630385000

Polling page: 0x00007f9633996000

Code Cache  [0x00007f9629000000, 0x00007f9629270000, 0x00007f962c000000)
 total_blobs=929 nmethods=674 adapters=208 free_code_cache=47340Kb largest_free_block=48426240

Compilation events (10 events):
Event: 3.882 Thread 0x00007f962c095000 nmethod 692 0x00007f96291c3d10 code [0x00007f96291c3ea0, 0x00007f96291c4468]
Event: 3.885 Thread 0x00007f962c092000 nmethod 691 0x00007f96291ca310 code [0x00007f96291ca4a0, 0x00007f96291cac08]
Event: 3.898 Thread 0x00007f962c095000  693             com.android.dx.io.instructions.InstructionCodec::access$700 (5 bytes)
Event: 3.898 Thread 0x00007f962c092000  694             com.android.dx.io.instructions.InstructionCodec::unit0 (3 bytes)
Event: 3.898 Thread 0x00007f962c095000 nmethod 693 0x00007f96290cb2d0 code [0x00007f96290cb400, 0x00007f96290cb438]
Event: 3.898 Thread 0x00007f962c095000  695             com.android.dx.io.instructions.InstructionCodec::access$800 (5 bytes)
Event: 3.898 Thread 0x00007f962c092000 nmethod 694 0x00007f9629173d50 code [0x00007f9629173e80, 0x00007f9629173eb8]
Event: 3.898 Thread 0x00007f962c092000  696             com.android.dx.io.instructions.InstructionCodec::unit1 (6 bytes)
Event: 3.898 Thread 0x00007f962c092000 nmethod 696 0x00007f9629191b90 code [0x00007f9629191cc0, 0x00007f9629191cf8]
Event: 3.898 Thread 0x00007f962c095000 nmethod 695 0x00007f96291c1b90 code [0x00007f96291c1cc0, 0x00007f96291c1cf8]

GC Heap History (10 events):
Event: 2.767 GC heap after
Heap after GC invocations=6 (full 0):
 PSYoungGen      total 59904K, used 12837K [0x00000000eaa80000, 0x00000000ef680000, 0x0000000100000000)
  eden space 46592K, 0% used [0x00000000eaa80000,0x00000000eaa80000,0x00000000ed800000)
  from space 13312K, 96% used [0x00000000ee680000,0x00000000ef309448,0x00000000ef380000)
  to   space 14848K, 0% used [0x00000000ed800000,0x00000000ed800000,0x00000000ee680000)
 ParOldGen       total 61952K, used 29191K [0x00000000c0000000, 0x00000000c3c80000, 0x00000000eaa80000)
  object space 61952K, 47% used [0x00000000c0000000,0x00000000c1c81c40,0x00000000c3c80000)
 PSPermGen       total 21504K, used 7087K [0x00000000bae00000, 0x00000000bc300000, 0x00000000c0000000)
  object space 21504K, 32% used [0x00000000bae00000,0x00000000bb4ebf50,0x00000000bc300000)
}
Event: 2.937 GC heap before
{Heap before GC invocations=7 (full 0):
 PSYoungGen      total 59904K, used 58124K [0x00000000eaa80000, 0x00000000ef680000, 0x0000000100000000)
  eden space 46592K, 97% used [0x00000000eaa80000,0x00000000ed6b9cb8,0x00000000ed800000)
  from space 13312K, 96% used [0x00000000ee680000,0x00000000ef309448,0x00000000ef380000)
  to   space 14848K, 0% used [0x00000000ed800000,0x00000000ed800000,0x00000000ee680000)
 ParOldGen       total 61952K, used 29191K [0x00000000c0000000, 0x00000000c3c80000, 0x00000000eaa80000)
  object space 61952K, 47% used [0x00000000c0000000,0x00000000c1c81c40,0x00000000c3c80000)
 PSPermGen       total 21504K, used 7177K [0x00000000bae00000, 0x00000000bc300000, 0x00000000c0000000)
  object space 21504K, 33% used [0x00000000bae00000,0x00000000bb502558,0x00000000bc300000)
Event: 2.943 GC heap after
Heap after GC invocations=7 (full 0):
 PSYoungGen      total 61440K, used 2819K [0x00000000eaa80000, 0x00000000f2480000, 0x0000000100000000)
  eden space 46592K, 0% used [0x00000000eaa80000,0x00000000eaa80000,0x00000000ed800000)
  from space 14848K, 18% used [0x00000000ed800000,0x00000000edac0ce8,0x00000000ee680000)
  to   space 15872K, 0% used [0x00000000f1500000,0x00000000f1500000,0x00000000f2480000)
 ParOldGen       total 61952K, used 32353K [0x00000000c0000000, 0x00000000c3c80000, 0x00000000eaa80000)
  object space 61952K, 52% used [0x00000000c0000000,0x00000000c1f98558,0x00000000c3c80000)
 PSPermGen       total 21504K, used 7177K [0x00000000bae00000, 0x00000000bc300000, 0x00000000c0000000)
  object space 21504K, 33% used [0x00000000bae00000,0x00000000bb502558,0x00000000bc300000)
}
Event: 3.053 GC heap before
{Heap before GC invocations=8 (full 0):
 PSYoungGen      total 61440K, used 47131K [0x00000000eaa80000, 0x00000000f2480000, 0x0000000100000000)
  eden space 46592K, 95% used [0x00000000eaa80000,0x00000000ed5c5f38,0x00000000ed800000)
  from space 14848K, 18% used [0x00000000ed800000,0x00000000edac0ce8,0x00000000ee680000)
  to   space 15872K, 0% used [0x00000000f1500000,0x00000000f1500000,0x00000000f2480000)
 ParOldGen       total 61952K, used 32353K [0x00000000c0000000, 0x00000000c3c80000, 0x00000000eaa80000)
  object space 61952K, 52% used [0x00000000c0000000,0x00000000c1f98558,0x00000000c3c80000)
 PSPermGen       total 21504K, used 7180K [0x00000000bae00000, 0x00000000bc300000, 0x00000000c0000000)
  object space 21504K, 33% used [0x00000000bae00000,0x00000000bb503050,0x00000000bc300000)
Event: 3.056 GC heap after
Heap after GC invocations=8 (full 0):
 PSYoungGen      total 108032K, used 6620K [0x00000000eaa80000, 0x00000000f2380000, 0x0000000100000000)
  eden space 93184K, 0% used [0x00000000eaa80000,0x00000000eaa80000,0x00000000f0580000)
  from space 14848K, 44% used [0x00000000f1500000,0x00000000f1b77070,0x00000000f2380000)
  to   space 15360K, 0% used [0x00000000f0580000,0x00000000f0580000,0x00000000f1480000)
 ParOldGen       total 61952K, used 32961K [0x00000000c0000000, 0x00000000c3c80000, 0x00000000eaa80000)
  object space 61952K, 53% used [0x00000000c0000000,0x00000000c2030588,0x00000000c3c80000)
 PSPermGen       total 21504K, used 7180K [0x00000000bae00000, 0x00000000bc300000, 0x00000000c0000000)
  object space 21504K, 33% used [0x00000000bae00000,0x00000000bb503050,0x00000000bc300000)
}
Event: 3.247 GC heap before
{Heap before GC invocations=9 (full 0):
 PSYoungGen      total 108032K, used 97424K [0x00000000eaa80000, 0x00000000f2380000, 0x0000000100000000)
  eden space 93184K, 97% used [0x00000000eaa80000,0x00000000f032d008,0x00000000f0580000)
  from space 14848K, 44% used [0x00000000f1500000,0x00000000f1b77070,0x00000000f2380000)
  to   space 15360K, 0% used [0x00000000f0580000,0x00000000f0580000,0x00000000f1480000)
 ParOldGen       total 61952K, used 32961K [0x00000000c0000000, 0x00000000c3c80000, 0x00000000eaa80000)
  object space 61952K, 53% used [0x00000000c0000000,0x00000000c2030588,0x00000000c3c80000)
 PSPermGen       total 21504K, used 7192K [0x00000000bae00000, 0x00000000bc300000, 0x00000000c0000000)
  object space 21504K, 33% used [0x00000000bae00000,0x00000000bb5061a8,0x00000000bc300000)
Event: 3.250 GC heap after
Heap after GC invocations=9 (full 0):
 PSYoungGen      total 108544K, used 5759K [0x00000000eaa80000, 0x00000000f5a80000, 0x0000000100000000)
  eden space 93184K, 0% used [0x00000000eaa80000,0x00000000eaa80000,0x00000000f0580000)
  from space 15360K, 37% used [0x00000000f0580000,0x00000000f0b1fd90,0x00000000f1480000)
  to   space 15360K, 0% used [0x00000000f4b80000,0x00000000f4b80000,0x00000000f5a80000)
 ParOldGen       total 61952K, used 32993K [0x00000000c0000000, 0x00000000c3c80000, 0x00000000eaa80000)
  object space 61952K, 53% used [0x00000000c0000000,0x00000000c2038588,0x00000000c3c80000)
 PSPermGen       total 21504K, used 7192K [0x00000000bae00000, 0x00000000bc300000, 0x00000000c0000000)
  object space 21504K, 33% used [0x00000000bae00000,0x00000000bb5061a8,0x00000000bc300000)
}
Event: 3.417 GC heap before
{Heap before GC invocations=10 (full 0):
 PSYoungGen      total 108544K, used 98943K [0x00000000eaa80000, 0x00000000f5a80000, 0x0000000100000000)
  eden space 93184K, 100% used [0x00000000eaa80000,0x00000000f0580000,0x00000000f0580000)
  from space 15360K, 37% used [0x00000000f0580000,0x00000000f0b1fd90,0x00000000f1480000)
  to   space 15360K, 0% used [0x00000000f4b80000,0x00000000f4b80000,0x00000000f5a80000)
 ParOldGen       total 61952K, used 32993K [0x00000000c0000000, 0x00000000c3c80000, 0x00000000eaa80000)
  object space 61952K, 53% used [0x00000000c0000000,0x00000000c2038588,0x00000000c3c80000)
 PSPermGen       total 21504K, used 7198K [0x00000000bae00000, 0x00000000bc300000, 0x00000000c0000000)
  object space 21504K, 33% used [0x00000000bae00000,0x00000000bb507b10,0x00000000bc300000)
Event: 3.626 GC heap after
Heap after GC invocations=10 (full 0):
 PSYoungGen      total 163840K, used 12922K [0x00000000eaa80000, 0x00000000f5c80000, 0x0000000100000000)
  eden space 148480K, 0% used [0x00000000eaa80000,0x00000000eaa80000,0x00000000f3b80000)
  from space 15360K, 84% used [0x00000000f4b80000,0x00000000f581ea38,0x00000000f5a80000)
  to   space 16384K, 0% used [0x00000000f3b80000,0x00000000f3b80000,0x00000000f4b80000)
 ParOldGen       total 61952K, used 41525K [0x00000000c0000000, 0x00000000c3c80000, 0x00000000eaa80000)
  object space 61952K, 67% used [0x00000000c0000000,0x00000000c288d5c8,0x00000000c3c80000)
 PSPermGen       total 21504K, used 7198K [0x00000000bae00000, 0x00000000bc300000, 0x00000000c0000000)
  object space 21504K, 33% used [0x00000000bae00000,0x00000000bb507b10,0x00000000bc300000)
}
Event: 3.906 GC heap before
{Heap before GC invocations=11 (full 0):
 PSYoungGen      total 163840K, used 161402K [0x00000000eaa80000, 0x00000000f5c80000, 0x0000000100000000)
  eden space 148480K, 100% used [0x00000000eaa80000,0x00000000f3b80000,0x00000000f3b80000)
  from space 15360K, 84% used [0x00000000f4b80000,0x00000000f581ea38,0x00000000f5a80000)
  to   space 16384K, 0% used [0x00000000f3b80000,0x00000000f3b80000,0x00000000f4b80000)
 ParOldGen       total 61952K, used 41525K [0x00000000c0000000, 0x00000000c3c80000, 0x00000000eaa80000)
  object space 61952K, 67% used [0x00000000c0000000,0x00000000c288d5c8,0x00000000c3c80000)
 PSPermGen       total 21504K, used 7202K [0x00000000bae00000, 0x00000000bc300000, 0x00000000c0000000)
  object space 21504K, 33% used [0x00000000bae00000,0x00000000bb508ad8,0x00000000bc300000)

Deoptimization events (10 events):
Event: 2.824 Thread 0x00007f962c00b800 Uncommon trap: reason=array_check action=maybe_recompile pc=0x00007f962916124c method=java.util.TimSort.binarySort([Ljava/lang/Object;IIILjava/util/Comparator;)V @ 215
Event: 2.824 Thread 0x00007f962c00b800 Uncommon trap: reason=array_check action=maybe_recompile pc=0x00007f962916124c method=java.util.TimSort.binarySort([Ljava/lang/Object;IIILjava/util/Comparator;)V @ 215
Event: 2.901 Thread 0x00007f962c00b800 Uncommon trap: reason=array_check action=maybe_recompile pc=0x00007f9629180d6c method=java.util.TimSort.binarySort([Ljava/lang/Object;IIILjava/util/Comparator;)V @ 183
Event: 2.901 Thread 0x00007f962c00b800 Uncommon trap: reason=array_check action=maybe_recompile pc=0x00007f9629180d6c method=java.util.TimSort.binarySort([Ljava/lang/Object;IIILjava/util/Comparator;)V @ 183
Event: 2.937 Thread 0x00007f962c00b800 Uncommon trap: reason=array_check action=maybe_recompile pc=0x00007f9629086c80 method=java.util.ComparableTimSort.binarySort([Ljava/lang/Object;III)V @ 193
Event: 2.997 Thread 0x00007f962c00b800 Uncommon trap: reason=array_check action=maybe_recompile pc=0x00007f9629086c80 method=java.util.ComparableTimSort.binarySort([Ljava/lang/Object;III)V @ 193
Event: 3.057 Thread 0x00007f962c00b800 Uncommon trap: reason=array_check action=maybe_recompile pc=0x00007f962918f90c method=java.util.ComparableTimSort.binarySort([Ljava/lang/Object;III)V @ 215
Event: 3.171 Thread 0x00007f962c00b800 Uncommon trap: reason=array_check action=maybe_recompile pc=0x00007f962918f90c method=java.util.ComparableTimSort.binarySort([Ljava/lang/Object;III)V @ 215
Event: 3.247 Thread 0x00007f962c00b800 Uncommon trap: reason=array_check action=maybe_recompile pc=0x00007f96291c03dc method=java.util.ComparableTimSort.binarySort([Ljava/lang/Object;III)V @ 183
Event: 3.404 Thread 0x00007f962c00b800 Uncommon trap: reason=array_check action=maybe_recompile pc=0x00007f96291c03dc method=java.util.ComparableTimSort.binarySort([Ljava/lang/Object;III)V @ 183

Internal exceptions (10 events):
Event: 1.975 Thread 0x00007f962c00b800 Threw 0x00000000eae0b478 at /HUDSON/workspace/7u-2-build-linux-amd64/jdk7u55/869/hotspot/src/share/vm/prims/jvm.cpp:1244
Event: 1.975 Thread 0x00007f962c00b800 Threw 0x00000000eae0e388 at /HUDSON/workspace/7u-2-build-linux-amd64/jdk7u55/869/hotspot/src/share/vm/prims/jvm.cpp:1244
Event: 1.975 Thread 0x00007f962c00b800 Threw 0x00000000eae116c8 at /HUDSON/workspace/7u-2-build-linux-amd64/jdk7u55/869/hotspot/src/share/vm/prims/jvm.cpp:1244
Event: 1.977 Thread 0x00007f962c00b800 Threw 0x00000000eae18728 at /HUDSON/workspace/7u-2-build-linux-amd64/jdk7u55/869/hotspot/src/share/vm/prims/jvm.cpp:1244
Event: 1.978 Thread 0x00007f962c00b800 Threw 0x00000000eae1a798 at /HUDSON/workspace/7u-2-build-linux-amd64/jdk7u55/869/hotspot/src/share/vm/prims/jvm.cpp:1244
Event: 2.051 Thread 0x00007f962c00b800 Threw 0x00000000eaf02100 at /HUDSON/workspace/7u-2-build-linux-amd64/jdk7u55/869/hotspot/src/share/vm/prims/jvm.cpp:1244
Event: 2.051 Thread 0x00007f962c00b800 Threw 0x00000000eaf02228 at /HUDSON/workspace/7u-2-build-linux-amd64/jdk7u55/869/hotspot/src/share/vm/prims/jvm.cpp:1244
Event: 2.051 Thread 0x00007f962c00b800 Threw 0x00000000eaf04398 at /HUDSON/workspace/7u-2-build-linux-amd64/jdk7u55/869/hotspot/src/share/vm/prims/jvm.cpp:1244
Event: 2.051 Thread 0x00007f962c00b800 Threw 0x00000000eaf044c0 at /HUDSON/workspace/7u-2-build-linux-amd64/jdk7u55/869/hotspot/src/share/vm/prims/jvm.cpp:1244
Event: 2.390 Thread 0x00007f962c00b800 Threw 0x00000000eaf854a8 at /HUDSON/workspace/7u-2-build-linux-amd64/jdk7u55/869/hotspot/src/share/vm/prims/jvm.cpp:1244

Events (10 events):
Event: 3.247 Executing VM operation: ParallelGCFailedAllocation
Event: 3.251 Executing VM operation: ParallelGCFailedAllocation done
Event: 3.272 Thread 0x00007f962c092000 flushing nmethod 0x00007f9629069490
Event: 3.272 Thread 0x00007f962c092000 flushing nmethod 0x00007f962906f990
Event: 3.404 Thread 0x00007f962c00b800 Uncommon trap: trap_request=0xffffffd6 fr.pc=0x00007f96291c03dc
Event: 3.404 Thread 0x00007f962c00b800 DEOPT PACKING pc=0x00007f96291c03dc sp=0x00007f96339783e0
Event: 3.404 Thread 0x00007f962c00b800 DEOPT UNPACKING pc=0x00007f9629039445 sp=0x00007f96339783b8 mode 2
Event: 3.417 Executing VM operation: ParallelGCFailedAllocation
Event: 3.626 Executing VM operation: ParallelGCFailedAllocation done
Event: 3.906 Executing VM operation: ParallelGCFailedAllocation


Dynamic libraries:
00400000-00401000 r-xp 00000000 08:01 11013362                           /usr/lib/jvm/jdk1.7.0/bin/java
00600000-00601000 rw-p 00000000 08:01 11013362                           /usr/lib/jvm/jdk1.7.0/bin/java
0232e000-0234f000 rw-p 00000000 00:00 0                                  [heap]
bae00000-bc300000 rw-p 00000000 00:00 0 
bc300000-c0000000 rw-p 00000000 00:00 0 
c0000000-c3c80000 rw-p 00000000 00:00 0 
c3c80000-eaa80000 rw-p 00000000 00:00 0 
eaa80000-f5c80000 rw-p 00000000 00:00 0 
fc380000-100000000 rw-p 00000000 00:00 0 
7f95dc000000-7f95dc021000 rw-p 00000000 00:00 0 
7f95dc021000-7f95e0000000 ---p 00000000 00:00 0 
7f95e0000000-7f95e0021000 rw-p 00000000 00:00 0 
7f95e0021000-7f95e4000000 ---p 00000000 00:00 0 
7f95e4000000-7f95e4021000 rw-p 00000000 00:00 0 
7f95e4021000-7f95e8000000 ---p 00000000 00:00 0 
7f95e8000000-7f95e8021000 rw-p 00000000 00:00 0 
7f95e8021000-7f95ec000000 ---p 00000000 00:00 0 
7f95ec000000-7f95ec021000 rw-p 00000000 00:00 0 
7f95ec021000-7f95f0000000 ---p 00000000 00:00 0 
7f95f0000000-7f95f002e000 rw-p 00000000 00:00 0 
7f95f002e000-7f95f4000000 ---p 00000000 00:00 0 
7f95f4000000-7f95f4897000 rw-p 00000000 00:00 0 
7f95f4897000-7f95f8000000 ---p 00000000 00:00 0 
7f95f8000000-7f95f8021000 rw-p 00000000 00:00 0 
7f95f8021000-7f95fc000000 ---p 00000000 00:00 0 
7f95fc000000-7f95fc021000 rw-p 00000000 00:00 0 
7f95fc021000-7f9600000000 ---p 00000000 00:00 0 
7f9600000000-7f960087b000 rw-p 00000000 00:00 0 
7f960087b000-7f9604000000 ---p 00000000 00:00 0 
7f9604000000-7f9604021000 rw-p 00000000 00:00 0 
7f9604021000-7f9608000000 ---p 00000000 00:00 0 
7f9608000000-7f9608021000 rw-p 00000000 00:00 0 
7f9608021000-7f960c000000 ---p 00000000 00:00 0 
7f960c000000-7f960c021000 rw-p 00000000 00:00 0 
7f960c021000-7f9610000000 ---p 00000000 00:00 0 
7f9610000000-7f96100e1000 rw-p 00000000 00:00 0 
7f96100e1000-7f9614000000 ---p 00000000 00:00 0 
7f9614000000-7f9614021000 rw-p 00000000 00:00 0 
7f9614021000-7f9618000000 ---p 00000000 00:00 0 
7f961c000000-7f961c021000 rw-p 00000000 00:00 0 
7f961c021000-7f9620000000 ---p 00000000 00:00 0 
7f9620605000-7f9620770000 rw-p 00000000 00:00 0 
7f9620770000-7f9620786000 r-xp 00000000 08:01 11014112                   /usr/lib/jvm/jdk1.7.0/jre/lib/amd64/libnet.so
7f9620786000-7f9620986000 ---p 00016000 08:01 11014112                   /usr/lib/jvm/jdk1.7.0/jre/lib/amd64/libnet.so
7f9620986000-7f9620987000 rw-p 00016000 08:01 11014112                   /usr/lib/jvm/jdk1.7.0/jre/lib/amd64/libnet.so
7f9620987000-7f9620997000 r-xp 00000000 08:01 11014161                   /usr/lib/jvm/jdk1.7.0/jre/lib/amd64/libnio.so
7f9620997000-7f9620b97000 ---p 00010000 08:01 11014161                   /usr/lib/jvm/jdk1.7.0/jre/lib/amd64/libnio.so
7f9620b97000-7f9620b98000 rw-p 00010000 08:01 11014161                   /usr/lib/jvm/jdk1.7.0/jre/lib/amd64/libnio.so
7f9620b98000-7f9620b9b000 ---p 00000000 00:00 0 
7f9620b9b000-7f9620c99000 rw-p 00000000 00:00 0 
7f9620c99000-7f9620c9c000 ---p 00000000 00:00 0 
7f9620c9c000-7f9620d9a000 rw-p 00000000 00:00 0 
7f9620d9a000-7f9620d9d000 ---p 00000000 00:00 0 
7f9620d9d000-7f9620e9b000 rw-p 00000000 00:00 0 
7f9620e9b000-7f9620e9e000 ---p 00000000 00:00 0 
7f9620e9e000-7f9620f9c000 rw-p 00000000 00:00 0 
7f9620f9c000-7f9620f9f000 ---p 00000000 00:00 0 
7f9620f9f000-7f962109d000 rw-p 00000000 00:00 0 
7f962109d000-7f962109e000 ---p 00000000 00:00 0 
7f962109e000-7f962119e000 rw-p 00000000 00:00 0                          [stack:15504]
7f962119e000-7f96211a1000 ---p 00000000 00:00 0 
7f96211a1000-7f962129f000 rw-p 00000000 00:00 0                          [stack:15503]
7f962129f000-7f96212a2000 ---p 00000000 00:00 0 
7f96212a2000-7f96213a0000 rw-p 00000000 00:00 0                          [stack:15502]
7f96213a0000-7f96213a3000 ---p 00000000 00:00 0 
7f96213a3000-7f96214a1000 rw-p 00000000 00:00 0                          [stack:15501]
7f96214a1000-7f96214a4000 ---p 00000000 00:00 0 
7f96214a4000-7f96215a2000 rw-p 00000000 00:00 0                          [stack:15500]
7f96215a2000-7f962186b000 r--p 00000000 08:01 5511198                    /usr/lib/locale/locale-archive
7f962186b000-7f962186e000 ---p 00000000 00:00 0 
7f962186e000-7f962196c000 rw-p 00000000 00:00 0                          [stack:15499]
7f962196c000-7f962196f000 ---p 00000000 00:00 0 
7f962196f000-7f9621a6d000 rw-p 00000000 00:00 0                          [stack:15498]
7f9621a6d000-7f9621a6e000 ---p 00000000 00:00 0 
7f9621a6e000-7f9624000000 rw-p 00000000 00:00 0                          [stack:15497]
7f9624000000-7f9624021000 rw-p 00000000 00:00 0 
7f9624021000-7f9628000000 ---p 00000000 00:00 0 
7f96280f3000-7f9628e42000 rw-p 00000000 00:00 0 
7f9628e42000-7f9629000000 r--s 039d0000 08:01 11013876                   /usr/lib/jvm/jdk1.7.0/jre/lib/rt.jar
7f9629000000-7f9629270000 rwxp 00000000 00:00 0 
7f9629270000-7f962c202000 rw-p 00000000 00:00 0 
7f962c202000-7f9630000000 ---p 00000000 00:00 0 
7f9630009000-7f96303d9000 rw-p 00000000 00:00 0 
7f96303d9000-7f96303da000 ---p 00000000 00:00 0 
7f96303da000-7f96304da000 rw-p 00000000 00:00 0                          [stack:15496]
7f96304da000-7f96304db000 ---p 00000000 00:00 0 
7f96304db000-7f96305db000 rw-p 00000000 00:00 0                          [stack:15495]
7f96305db000-7f96305dc000 ---p 00000000 00:00 0 
7f96305dc000-7f96306dc000 rw-p 00000000 00:00 0                          [stack:15494]
7f96306dc000-7f96306dd000 ---p 00000000 00:00 0 
7f96306dd000-7f96307e8000 rw-p 00000000 00:00 0                          [stack:15493]
7f96307e8000-7f9630806000 rw-p 00000000 00:00 0 
7f9630806000-7f9630825000 rw-p 00000000 00:00 0 
7f9630825000-7f963095c000 rw-p 00000000 00:00 0 
7f963095c000-7f9630967000 rw-p 00000000 00:00 0 
7f9630967000-7f9630985000 rw-p 00000000 00:00 0 
7f9630985000-7f96309a4000 rw-p 00000000 00:00 0 
7f96309a4000-7f9630ada000 rw-p 00000000 00:00 0 
7f9630ada000-7f9630b34000 rw-p 00000000 00:00 0 
7f9630b34000-7f9630b85000 rw-p 00000000 00:00 0 
7f9630b85000-7f9630b86000 rw-p 00000000 00:00 0 
7f9630b86000-7f9630ba0000 r-xp 00000000 08:01 11014137                   /usr/lib/jvm/jdk1.7.0/jre/lib/amd64/libzip.so
7f9630ba0000-7f9630da0000 ---p 0001a000 08:01 11014137                   /usr/lib/jvm/jdk1.7.0/jre/lib/amd64/libzip.so
7f9630da0000-7f9630da1000 rw-p 0001a000 08:01 11014137                   /usr/lib/jvm/jdk1.7.0/jre/lib/amd64/libzip.so
7f9630da1000-7f9630dad000 r-xp 00000000 08:01 29363351                   /lib/x86_64-linux-gnu/libnss_files-2.15.so
7f9630dad000-7f9630fac000 ---p 0000c000 08:01 29363351                   /lib/x86_64-linux-gnu/libnss_files-2.15.so
7f9630fac000-7f9630fad000 r--p 0000b000 08:01 29363351                   /lib/x86_64-linux-gnu/libnss_files-2.15.so
7f9630fad000-7f9630fae000 rw-p 0000c000 08:01 29363351                   /lib/x86_64-linux-gnu/libnss_files-2.15.so
7f9630fae000-7f9630fb8000 r-xp 00000000 08:01 29363355                   /lib/x86_64-linux-gnu/libnss_nis-2.15.so
7f9630fb8000-7f96311b8000 ---p 0000a000 08:01 29363355                   /lib/x86_64-linux-gnu/libnss_nis-2.15.so
7f96311b8000-7f96311b9000 r--p 0000a000 08:01 29363355                   /lib/x86_64-linux-gnu/libnss_nis-2.15.so
7f96311b9000-7f96311ba000 rw-p 0000b000 08:01 29363355                   /lib/x86_64-linux-gnu/libnss_nis-2.15.so
7f96311ba000-7f96311d1000 r-xp 00000000 08:01 29363367                   /lib/x86_64-linux-gnu/libnsl-2.15.so
7f96311d1000-7f96313d0000 ---p 00017000 08:01 29363367                   /lib/x86_64-linux-gnu/libnsl-2.15.so
7f96313d0000-7f96313d1000 r--p 00016000 08:01 29363367                   /lib/x86_64-linux-gnu/libnsl-2.15.so
7f96313d1000-7f96313d2000 rw-p 00017000 08:01 29363367                   /lib/x86_64-linux-gnu/libnsl-2.15.so
7f96313d2000-7f96313d4000 rw-p 00000000 00:00 0 
7f96313d4000-7f96313dc000 r-xp 00000000 08:01 29363349                   /lib/x86_64-linux-gnu/libnss_compat-2.15.so
7f96313dc000-7f96315db000 ---p 00008000 08:01 29363349                   /lib/x86_64-linux-gnu/libnss_compat-2.15.so
7f96315db000-7f96315dc000 r--p 00007000 08:01 29363349                   /lib/x86_64-linux-gnu/libnss_compat-2.15.so
7f96315dc000-7f96315dd000 rw-p 00008000 08:01 29363349                   /lib/x86_64-linux-gnu/libnss_compat-2.15.so
7f96315dd000-7f9631606000 r-xp 00000000 08:01 11014128                   /usr/lib/jvm/jdk1.7.0/jre/lib/amd64/libjava.so
7f9631606000-7f9631806000 ---p 00029000 08:01 11014128                   /usr/lib/jvm/jdk1.7.0/jre/lib/amd64/libjava.so
7f9631806000-7f9631808000 rw-p 00029000 08:01 11014128                   /usr/lib/jvm/jdk1.7.0/jre/lib/amd64/libjava.so
7f9631808000-7f9631815000 r-xp 00000000 08:01 11014117                   /usr/lib/jvm/jdk1.7.0/jre/lib/amd64/libverify.so
7f9631815000-7f9631a14000 ---p 0000d000 08:01 11014117                   /usr/lib/jvm/jdk1.7.0/jre/lib/amd64/libverify.so
7f9631a14000-7f9631a16000 rw-p 0000c000 08:01 11014117                   /usr/lib/jvm/jdk1.7.0/jre/lib/amd64/libverify.so
7f9631a16000-7f9631a1d000 r-xp 00000000 08:01 29363354                   /lib/x86_64-linux-gnu/librt-2.15.so
7f9631a1d000-7f9631c1c000 ---p 00007000 08:01 29363354                   /lib/x86_64-linux-gnu/librt-2.15.so
7f9631c1c000-7f9631c1d000 r--p 00006000 08:01 29363354                   /lib/x86_64-linux-gnu/librt-2.15.so
7f9631c1d000-7f9631c1e000 rw-p 00007000 08:01 29363354                   /lib/x86_64-linux-gnu/librt-2.15.so
7f9631c1e000-7f9631d19000 r-xp 00000000 08:01 29363358                   /lib/x86_64-linux-gnu/libm-2.15.so
7f9631d19000-7f9631f18000 ---p 000fb000 08:01 29363358                   /lib/x86_64-linux-gnu/libm-2.15.so
7f9631f18000-7f9631f19000 r--p 000fa000 08:01 29363358                   /lib/x86_64-linux-gnu/libm-2.15.so
7f9631f19000-7f9631f1a000 rw-p 000fb000 08:01 29363358                   /lib/x86_64-linux-gnu/libm-2.15.so
7f9631f1a000-7f9632a7c000 r-xp 00000000 08:01 11014135                   /usr/lib/jvm/jdk1.7.0/jre/lib/amd64/server/libjvm.so
7f9632a7c000-7f9632c7c000 ---p 00b62000 08:01 11014135                   /usr/lib/jvm/jdk1.7.0/jre/lib/amd64/server/libjvm.so
7f9632c7c000-7f9632d3f000 rw-p 00b62000 08:01 11014135                   /usr/lib/jvm/jdk1.7.0/jre/lib/amd64/server/libjvm.so
7f9632d3f000-7f9632d80000 rw-p 00000000 00:00 0 
7f9632d80000-7f9632f35000 r-xp 00000000 08:01 29363347                   /lib/x86_64-linux-gnu/libc-2.15.so
7f9632f35000-7f9633134000 ---p 001b5000 08:01 29363347                   /lib/x86_64-linux-gnu/libc-2.15.so
7f9633134000-7f9633138000 r--p 001b4000 08:01 29363347                   /lib/x86_64-linux-gnu/libc-2.15.so
7f9633138000-7f963313a000 rw-p 001b8000 08:01 29363347                   /lib/x86_64-linux-gnu/libc-2.15.so
7f963313a000-7f963313f000 rw-p 00000000 00:00 0 
7f963313f000-7f9633141000 r-xp 00000000 08:01 29363362                   /lib/x86_64-linux-gnu/libdl-2.15.so
7f9633141000-7f9633341000 ---p 00002000 08:01 29363362                   /lib/x86_64-linux-gnu/libdl-2.15.so
7f9633341000-7f9633342000 r--p 00002000 08:01 29363362                   /lib/x86_64-linux-gnu/libdl-2.15.so
7f9633342000-7f9633343000 rw-p 00003000 08:01 29363362                   /lib/x86_64-linux-gnu/libdl-2.15.so
7f9633343000-7f9633359000 r-xp 00000000 08:01 11012973                   /usr/lib/jvm/jdk1.7.0/lib/amd64/jli/libjli.so
7f9633359000-7f9633559000 ---p 00016000 08:01 11012973                   /usr/lib/jvm/jdk1.7.0/lib/amd64/jli/libjli.so
7f9633559000-7f963355a000 rw-p 00016000 08:01 11012973                   /usr/lib/jvm/jdk1.7.0/lib/amd64/jli/libjli.so
7f963355a000-7f9633572000 r-xp 00000000 08:01 29363356                   /lib/x86_64-linux-gnu/libpthread-2.15.so
7f9633572000-7f9633771000 ---p 00018000 08:01 29363356                   /lib/x86_64-linux-gnu/libpthread-2.15.so
7f9633771000-7f9633772000 r--p 00017000 08:01 29363356                   /lib/x86_64-linux-gnu/libpthread-2.15.so
7f9633772000-7f9633773000 rw-p 00018000 08:01 29363356                   /lib/x86_64-linux-gnu/libpthread-2.15.so
7f9633773000-7f9633777000 rw-p 00000000 00:00 0 
7f9633777000-7f9633799000 r-xp 00000000 08:01 29363359                   /lib/x86_64-linux-gnu/ld-2.15.so
7f963379e000-7f963379f000 rw-p 00000000 00:00 0 
7f963379f000-7f96337a3000 r--s 0008a000 08:01 11014077                   /usr/lib/jvm/jdk1.7.0/jre/lib/jsse.jar
7f96337a3000-7f96337c3000 rw-p 00000000 00:00 0 
7f96337c3000-7f9633879000 rw-p 00000000 00:00 0 
7f9633879000-7f963387c000 ---p 00000000 00:00 0 
7f963387c000-7f963397e000 rw-p 00000000 00:00 0                          [stack:15492]
7f963397e000-7f963398d000 r--s 000df000 08:01 11024309                   /home/hb/Documents/sdk/build-tools/23.0.1/lib/dx.jar
7f963398d000-7f9633995000 rw-s 00000000 08:01 13769030                   /tmp/hsperfdata_hb/15486
7f9633995000-7f9633996000 rw-p 00000000 00:00 0 
7f9633996000-7f9633997000 ---p 00000000 00:00 0 
7f9633997000-7f9633999000 rw-p 00000000 00:00 0 
7f9633999000-7f963399a000 r--p 00022000 08:01 29363359                   /lib/x86_64-linux-gnu/ld-2.15.so
7f963399a000-7f963399c000 rw-p 00023000 08:01 29363359                   /lib/x86_64-linux-gnu/ld-2.15.so
7fff1fc4c000-7fff1fc6e000 rw-p 00000000 00:00 0                          [stack]
7fff1fd0d000-7fff1fd0f000 r-xp 00000000 00:00 0                          [vdso]
ffffffffff600000-ffffffffff601000 r-xp 00000000 00:00 0                  [vsyscall]

VM Arguments:
jvm_args: -Xmx1024M -Dfile.encoding=UTF-8 -Duser.country=IN -Duser.language=en -Duser.variant 
java_command: com.android.dx.command.Main --dex --num-threads=4 --output /home/hb/AndroidStudioProjects/Sample/SocialManager/app/build/intermediates/dex/debug /home/hb/AndroidStudioProjects/Sample/SocialManager/app/build/intermediates/classes/debug /home/hb/AndroidStudioProjects/Sample/SocialManager/app/build/intermediates/pre-dexed/debug/support-annotations-23.1.0-d1d06965ac8173220eec002ff14fd0f4ac3b4c90.jar /home/hb/AndroidStudioProjects/Sample/SocialManager/app/build/intermediates/pre-dexed/debug/classes-5623350a9821e2c086afab1b356186921bd71691.jar /home/hb/AndroidStudioProjects/Sample/SocialManager/app/build/intermediates/pre-dexed/debug/classes-f4e245aa71d45cf0a2522021d63ed15d027bc0b5.jar /home/hb/AndroidStudioProjects/Sample/SocialManager/app/build/intermediates/pre-dexed/debug/classes-865551758f8aa2ef1532649f1898ac9f18cc8f60.jar /home/hb/AndroidStudioProjects/Sample/SocialManager/app/build/intermediates/pre-dexed/debug/bolts-android-1.2.0-4d682ffc5a9fa3642c950c66c1dbaf9abdb337ef.jar /home/hb/AndroidStudioProjects/Sample/SocialManager/app/build/intermediates/pre-dexed/debug/classes-f6695a9283d607a7642d9aa12349e30b45db95b3.jar /home/hb/AndroidStudioProjects/Sample/SocialManager/app/build/intermediates/pre-dexed/debug/twitter-text-1.13.0-7151762bc5c2d44dcad8ceff3219d6f6f8c51c5c.jar /home/hb/AndroidStudioProjects/Sample/SocialManager/app/build/intermediates/pre-dexed/debug/retrofit-1.8.0-a54755959b09fdd5576dd2f3c9e26f6a0637e40b.jar /home/hb/AndroidStudioProjects/Sample/SocialManager/app/build/intermediates/pre-dexed/debug/classes-b9fb6de73e30cab3dba277f86cc24309d8106dd2.jar /home/hb/AndroidStudioProjects/Sample/SocialManager/app/build/intermediates/pre-dexed/debug/picasso-2.5.2-0504ee86f3d504a137e8b74ab70fedcdab901e17.jar /home/hb/AndroidStudioProjects/Sample/SocialManager/app/build/intermediates/pre-dexed/debug/classes-eaec2d9c419020c6e5c373d97aabcf98a5be5113.jar /home/hb/AndroidStudioProjects/Sample/SocialManager/app/build/intermediates/pre-dexed/debug/gson-2
Launcher Type: SUN_STANDARD

Environment Variables:
PATH=/usr/lib/lightdm/lightdm:/usr/local/sbin:/usr/local/bin:/usr/sbin:/usr/bin:/sbin:/bin:/usr/games
LD_LIBRARY_PATH=/home/hb/android-studio/bin:
SHELL=/bin/bash
DISPLAY=:0.0

Signal Handlers:
SIGSEGV: [libjvm.so+0x993980], sa_mask[0]=0x7ffbfeff, sa_flags=0x10000004
SIGBUS: [libjvm.so+0x993980], sa_mask[0]=0x7ffbfeff, sa_flags=0x10000004
SIGFPE: [libjvm.so+0x8106e0], sa_mask[0]=0x7ffbfeff, sa_flags=0x10000004
SIGPIPE: [libjvm.so+0x8106e0], sa_mask[0]=0x7ffbfeff, sa_flags=0x10000004
SIGXFSZ: [libjvm.so+0x8106e0], sa_mask[0]=0x7ffbfeff, sa_flags=0x10000004
SIGILL: [libjvm.so+0x8106e0], sa_mask[0]=0x7ffbfeff, sa_flags=0x10000004
SIGUSR1: SIG_DFL, sa_mask[0]=0x00000000, sa_flags=0x00000000
SIGUSR2: [libjvm.so+0x811bd0], sa_mask[0]=0x00000004, sa_flags=0x10000004
SIGHUP: [libjvm.so+0x812b40], sa_mask[0]=0x7ffbfeff, sa_flags=0x10000004
SIGINT: [libjvm.so+0x812b40], sa_mask[0]=0x7ffbfeff, sa_flags=0x10000004
SIGTERM: [libjvm.so+0x812b40], sa_mask[0]=0x7ffbfeff, sa_flags=0x10000004
SIGQUIT: [libjvm.so+0x812b40], sa_mask[0]=0x7ffbfeff, sa_flags=0x10000004


---------------  S Y S T E M  ---------------

OS:wheezy/sid

uname:Linux 3.13.0-32-generic #57~precise1-Ubuntu SMP Tue Jul 15 03:51:20 UTC 2014 x86_64
libc:glibc 2.15 NPTL 2.15 
rlimit: STACK 8192k, CORE 0k, NPROC 46361, NOFILE 4096, AS infinity
load average:31.67 11.47 5.04

/proc/meminfo:
MemTotal:        5955316 kB
MemFree:          121496 kB
Buffers:             804 kB
Cached:           817516 kB
SwapCached:        23236 kB
Active:          3565220 kB
Inactive:         920804 kB
Active(anon):    3558504 kB
Inactive(anon):   891020 kB
Active(file):       6716 kB
Inactive(file):    29784 kB
Unevictable:          64 kB
Mlocked:              64 kB
SwapTotal:       1954812 kB
SwapFree:            176 kB
Dirty:               128 kB
Writeback:             0 kB
AnonPages:       3647864 kB
Mapped:          1275472 kB
Shmem:            781728 kB
Slab:              98544 kB
SReclaimable:      44580 kB
SUnreclaim:        53964 kB
KernelStack:        6472 kB
PageTables:        59512 kB
NFS_Unstable:          0 kB
Bounce:                0 kB
WritebackTmp:          0 kB
CommitLimit:     4932468 kB
Committed_AS:   12521096 kB
VmallocTotal:   34359738367 kB
VmallocUsed:      553180 kB
VmallocChunk:   34359179384 kB
HardwareCorrupted:     0 kB
AnonHugePages:   1079296 kB
HugePages_Total:       0
HugePages_Free:        0
HugePages_Rsvd:        0
HugePages_Surp:        0
Hugepagesize:       2048 kB
DirectMap4k:       64888 kB
DirectMap2M:     6068224 kB


CPU:total 4 (4 cores per cpu, 1 threads per core) family 6 model 42 stepping 7, cmov, cx8, fxsr, mmx, sse, sse2, sse3, ssse3, sse4.1, sse4.2, popcnt, avx, tsc, tscinvbit

/proc/cpuinfo:
processor	: 0
vendor_id	: GenuineIntel
cpu family	: 6
model		: 42
model name	: Intel(R) Core(TM) i5-2320 CPU @ 3.00GHz
stepping	: 7
microcode	: 0x1a
cpu MHz		: 3001.000
cache size	: 6144 KB
physical id	: 0
siblings	: 4
core id		: 0
cpu cores	: 4
apicid		: 0
initial apicid	: 0
fpu		: yes
fpu_exception	: yes
cpuid level	: 13
wp		: yes
flags		: fpu vme de pse tsc msr pae mce cx8 apic sep mtrr pge mca cmov pat pse36 clflush dts acpi mmx fxsr sse sse2 ss ht tm pbe syscall nx rdtscp lm constant_tsc arch_perfmon pebs bts rep_good nopl xtopology nonstop_tsc aperfmperf eagerfpu pni pclmulqdq dtes64 monitor ds_cpl vmx est tm2 ssse3 cx16 xtpr pdcm pcid sse4_1 sse4_2 popcnt tsc_deadline_timer xsave avx lahf_lm ida arat epb xsaveopt pln pts dtherm tpr_shadow vnmi flexpriority ept vpid
bogomips	: 5986.29
clflush size	: 64
cache_alignment	: 64
address sizes	: 36 bits physical, 48 bits virtual
power management:

processor	: 1
vendor_id	: GenuineIntel
cpu family	: 6
model		: 42
model name	: Intel(R) Core(TM) i5-2320 CPU @ 3.00GHz
stepping	: 7
microcode	: 0x1a
cpu MHz		: 3001.000
cache size	: 6144 KB
physical id	: 0
siblings	: 4
core id		: 1
cpu cores	: 4
apicid		: 2
initial apicid	: 2
fpu		: yes
fpu_exception	: yes
cpuid level	: 13
wp		: yes
flags		: fpu vme de pse tsc msr pae mce cx8 apic sep mtrr pge mca cmov pat pse36 clflush dts acpi mmx fxsr sse sse2 ss ht tm pbe syscall nx rdtscp lm constant_tsc arch_perfmon pebs bts rep_good nopl xtopology nonstop_tsc aperfmperf eagerfpu pni pclmulqdq dtes64 monitor ds_cpl vmx est tm2 ssse3 cx16 xtpr pdcm pcid sse4_1 sse4_2 popcnt tsc_deadline_timer xsave avx lahf_lm ida arat epb xsaveopt pln pts dtherm tpr_shadow vnmi flexpriority ept vpid
bogomips	: 5986.29
clflush size	: 64
cache_alignment	: 64
address sizes	: 36 bits physical, 48 bits virtual
power management:

processor	: 2
vendor_id	: GenuineIntel
cpu family	: 6
model		: 42
model name	: Intel(R) Core(TM) i5-2320 CPU @ 3.00GHz
stepping	: 7
microcode	: 0x1a
cpu MHz		: 3001.000
cache size	: 6144 KB
physical id	: 0
siblings	: 4
core id		: 2
cpu cores	: 4
apicid		: 4
initial apicid	: 4
fpu		: yes
fpu_exception	: yes
cpuid level	: 13
wp		: yes
flags		: fpu vme de pse tsc msr pae mce cx8 apic sep mtrr pge mca cmov pat pse36 clflush dts acpi mmx fxsr sse sse2 ss ht tm pbe syscall nx rdtscp lm constant_tsc arch_perfmon pebs bts rep_good nopl xtopology nonstop_tsc aperfmperf eagerfpu pni pclmulqdq dtes64 monitor ds_cpl vmx est tm2 ssse3 cx16 xtpr pdcm pcid sse4_1 sse4_2 popcnt tsc_deadline_timer xsave avx lahf_lm ida arat epb xsaveopt pln pts dtherm tpr_shadow vnmi flexpriority ept vpid
bogomips	: 5986.29
clflush size	: 64
cache_alignment	: 64
address sizes	: 36 bits physical, 48 bits virtual
power management:

processor	: 3
vendor_id	: GenuineIntel
cpu family	: 6
model		: 42
model name	: Intel(R) Core(TM) i5-2320 CPU @ 3.00GHz
stepping	: 7
microcode	: 0x1a
cpu MHz		: 1600.000
cache size	: 6144 KB
physical id	: 0
siblings	: 4
core id		: 3
cpu cores	: 4
apicid		: 6
initial apicid	: 6
fpu		: yes
fpu_exception	: yes
cpuid level	: 13
wp		: yes
flags		: fpu vme de pse tsc msr pae mce cx8 apic sep mtrr pge mca cmov pat pse36 clflush dts acpi mmx fxsr sse sse2 ss ht tm pbe syscall nx rdtscp lm constant_tsc arch_perfmon pebs bts rep_good nopl xtopology nonstop_tsc aperfmperf eagerfpu pni pclmulqdq dtes64 monitor ds_cpl vmx est tm2 ssse3 cx16 xtpr pdcm pcid sse4_1 sse4_2 popcnt tsc_deadline_timer xsave avx lahf_lm ida arat epb xsaveopt pln pts dtherm tpr_shadow vnmi flexpriority ept vpid
bogomips	: 5986.29
clflush size	: 64
cache_alignment	: 64
address sizes	: 36 bits physical, 48 bits virtual
power management:



Memory: 4k page, physical 5955316k(121496k free), swap 1954812k(176k free)

vm_info: Java HotSpot(TM) 64-Bit Server VM (24.55-b03) for linux-amd64 JRE (1.7.0_55-b13), built on Mar 17 2014 19:43:58 by "java_re" with gcc 4.3.0 20080428 (Red Hat 4.3.0-8)

time: Tue Dec  8 18:06:18 2015
elapsed time: 95 seconds

